<?xml version="1.0" encoding="UTF-8"?>
<!-- Generated by org.testng.reporters.JUnitXMLReporter -->
<testsuite hostname="wjn" ignored="2" name="Default test" tests="1" failures="0" timestamp="21 十一月 2017 07:28:45 GMT" time="19.575" errors="0">
  <testcase name="two" time="11.133" classname="action.dingdanTest"/>
  <testcase name="three" time="0.0" classname="action.dingdanTest">
    <ignored/>
  </testcase> <!-- three -->
  <testcase name="one" time="0.0" classname="action.dingdanTest">
    <ignored/>
  </testcase> <!-- one -->
</testsuite> <!-- Default test -->
