<?xml version="1.0" encoding="UTF-8"?>
<testng-results skipped="0" failed="0" ignored="2" total="3" passed="1">
  <reporter-output>
  </reporter-output>
  <suite name="Default suite" duration-ms="19575" started-at="2017-11-21T07:28:25Z" finished-at="2017-11-21T07:28:45Z">
    <groups>
    </groups>
    <test name="Default test" duration-ms="19575" started-at="2017-11-21T07:28:25Z" finished-at="2017-11-21T07:28:45Z">
      <class name="action.dingdanTest">
        <test-method status="PASS" signature="setupBrowser()[pri:0, instance:action.dingdanTest@1753acfe]" name="setupBrowser" is-config="true" duration-ms="8392" started-at="2017-11-21T15:28:25Z" finished-at="2017-11-21T15:28:34Z">
          <reporter-output>
          </reporter-output>
        </test-method> <!-- setupBrowser -->
        <test-method status="PASS" signature="two()[pri:0, instance:action.dingdanTest@1753acfe]" name="two" duration-ms="11133" started-at="2017-11-21T15:28:34Z" finished-at="2017-11-21T15:28:45Z">
          <reporter-output>
          </reporter-output>
        </test-method> <!-- two -->
      </class> <!-- action.dingdanTest -->
    </test> <!-- Default test -->
  </suite> <!-- Default suite -->
</testng-results>
